[0320/095659.855:ERROR:process_info.cc(359)] UncheckedAllocate
[0320/095659.935:ERROR:process_info.cc(359)] UncheckedAllocate
[0320/095706.734:ERROR:process_reader_win.cc(182)] ResumeThread: The parameter is incorrect. (0x57)
[0320/095706.734:ERROR:process_reader_win.cc(182)] ResumeThread: The parameter is incorrect. (0x57)
[0320/095706.734:ERROR:process_reader_win.cc(182)] ResumeThread: The parameter is incorrect. (0x57)
[0320/095706.734:ERROR:process_reader_win.cc(123)] NtOpenThread: An invalid Client ID was specified. (0xc000000b)
[0320/095706.734:ERROR:process_reader_win.cc(123)] NtOpenThread: An invalid Client ID was specified. (0xc000000b)
[0320/095706.734:ERROR:process_reader_win.cc(123)] NtOpenThread: An invalid Client ID was specified. (0xc000000b)
[0320/095706.734:ERROR:process_reader_win.cc(123)] NtOpenThread: An invalid Client ID was specified. (0xc000000b)
[0320/095706.734:ERROR:process_reader_win.cc(123)] NtOpenThread: An invalid Client ID was specified. (0xc000000b)
[0320/095706.734:ERROR:process_reader_win.cc(123)] NtOpenThread: An invalid Client ID was specified. (0xc000000b)
[0320/095706.734:ERROR:process_reader_win.cc(123)] NtOpenThread: An invalid Client ID was specified. (0xc000000b)
[0320/095706.734:ERROR:process_reader_win.cc(123)] NtOpenThread: An invalid Client ID was specified. (0xc000000b)
[0320/095706.734:ERROR:process_reader_win.cc(123)] NtOpenThread: An invalid Client ID was specified. (0xc000000b)
[0320/095706.734:ERROR:process_reader_win.cc(123)] NtOpenThread: An invalid Client ID was specified. (0xc000000b)
[0320/095706.734:ERROR:process_reader_win.cc(123)] NtOpenThread: An invalid Client ID was specified. (0xc000000b)
[0320/095706.734:ERROR:process_reader_win.cc(123)] NtOpenThread: An invalid Client ID was specified. (0xc000000b)
[0320/095706.734:ERROR:process_memory_win.cc(73)] ReadMemory at 0x59e71fa530 of 16 bytes failed: Only part of a ReadProcessMemory or WriteProcessMemory request was completed. (0x12B)
[0320/095706.734:ERROR:exception_snapshot_win.cc(195)] EXCEPTION_POINTERS read failed
[0320/095706.734:ERROR:scoped_process_suspend.cc(40)] NtResumeProcess: An attempt was made to access an exiting process. (0xc000010a)
[0320/095706.751:ERROR:process_reader_win.cc(123)] NtOpenThread: An invalid Client ID was specified. (0xc000000b)
[0320/095706.751:ERROR:process_reader_win.cc(123)] NtOpenThread: An invalid Client ID was specified. (0xc000000b)
[0320/095706.755:ERROR:process_reader_win.cc(123)] NtOpenThread: An invalid Client ID was specified. (0xc000000b)
[0320/095706.755:ERROR:process_reader_win.cc(123)] NtOpenThread: An invalid Client ID was specified. (0xc000000b)
[0320/095706.755:ERROR:process_reader_win.cc(123)] NtOpenThread: An invalid Client ID was specified. (0xc000000b)
[0320/095706.755:ERROR:process_reader_win.cc(123)] NtOpenThread: An invalid Client ID was specified. (0xc000000b)
[0320/095706.755:ERROR:process_reader_win.cc(123)] NtOpenThread: An invalid Client ID was specified. (0xc000000b)
[0320/095706.755:ERROR:process_reader_win.cc(123)] NtOpenThread: An invalid Client ID was specified. (0xc000000b)
[0320/095706.755:ERROR:process_memory_win.cc(73)] ReadMemory at 0x37ff3fae40 of 16 bytes failed: Only part of a ReadProcessMemory or WriteProcessMemory request was completed. (0x12B)
[0320/095706.755:ERROR:exception_snapshot_win.cc(195)] EXCEPTION_POINTERS read failed
[0320/095706.755:ERROR:process_reader_win.cc(123)] NtOpenThread: An invalid Client ID was specified. (0xc000000b)
[0320/095706.755:ERROR:process_reader_win.cc(123)] NtOpenThread: An invalid Client ID was specified. (0xc000000b)
[0320/095706.755:ERROR:scoped_process_suspend.cc(40)] NtResumeProcess: An attempt was made to access an exiting process. (0xc000010a)
[0320/095706.755:ERROR:process_reader_win.cc(123)] NtOpenThread: An invalid Client ID was specified. (0xc000000b)
[0320/095706.755:ERROR:process_memory_win.cc(73)] ReadMemory at 0xbd393fb740 of 16 bytes failed: Only part of a ReadProcessMemory or WriteProcessMemory request was completed. (0x12B)
[0320/095706.755:ERROR:exception_snapshot_win.cc(195)] EXCEPTION_POINTERS read failed
[0320/095706.759:ERROR:scoped_process_suspend.cc(40)] NtResumeProcess: An attempt was made to access an exiting process. (0xc000010a)
